<?xml version="1.0" encoding="UTF-8"?>
<!-- Generated by org.testng.reporters.JUnitReportReporter -->
<testsuite hostname="DESKTOP-89OTHQ5" name="com.jbk.DemoTest1" tests="2" failures="0" timestamp="24 Oct 2020 03:42:29 GMT" time="10.270" errors="0">
  <testcase name="verifyTitle" time="7.893" classname="com.jbk.DemoTest1"/>
  <testcase name="loginTest" time="2.377" classname="com.jbk.DemoTest1"/>
</testsuite> <!-- com.jbk.DemoTest1 -->
