<?xml version="1.0" encoding="UTF-8"?>
<!-- Generated by org.testng.reporters.JUnitReportReporter -->
<testsuite hostname="DESKTOP-89OTHQ5" name="com.jbk.DemoTest" tests="2" failures="0" timestamp="24 Oct 2020 03:42:29 GMT" time="19.931" errors="0">
  <testcase name="verifyTitle" time="15.667" classname="com.jbk.DemoTest"/>
  <testcase name="loginTest" time="4.264" classname="com.jbk.DemoTest"/>
</testsuite> <!-- com.jbk.DemoTest -->
