<?xml version="1.0" encoding="UTF-8"?>
<!-- Generated by org.testng.reporters.JUnitReportReporter -->
<testsuite hostname="DESKTOP-89OTHQ5" name="com.jbk.DemoTest1" tests="2" failures="0" timestamp="24 Oct 2020 04:03:22 GMT" time="11.211" errors="0">
  <testcase name="verifyTitle" time="9.146" classname="com.jbk.DemoTest1"/>
  <testcase name="loginTest" time="2.065" classname="com.jbk.DemoTest1"/>
</testsuite> <!-- com.jbk.DemoTest1 -->
